<?xml version="1.0" encoding="UTF-8"?>
<!-- Generated by org.testng.reporters.JUnitReportReporter -->
<testsuite skipped="0" hostname="DESKTOP-0FSG9OD" name="automationTesting.XYZProject.feature1.YahooTest" tests="1" failures="0" timestamp="13 Nov 2020 16:55:39 GMT" time="8.662" errors="0">
  <testcase name="googleTest" time="8.662" classname="automationTesting.XYZProject.feature1.YahooTest"/>
</testsuite> <!-- automationTesting.XYZProject.feature1.YahooTest -->
